<?xml version="1.0" encoding="UTF-8"?>
<!-- Generated by org.testng.reporters.JUnitReportReporter -->
<testsuite skipped="2" hostname="G1C2ML14243" name="com.frame.Test.TestCase" tests="4" failures="0" timestamp="15 Jan 2018 04:29:25 GMT" time="31.735" errors="0">
  <testcase name="Login" time="16.294" classname="com.frame.Test.TestCase"/>
  <testcase name="Login" time="15.441" classname="com.frame.Test.TestCase"/>
  <testcase name="BookaConsultant" classname="com.frame.Test.TestCase">
    <skipped/>
  </testcase> <!-- BookaConsultant -->
  <testcase name="SignUp" classname="com.frame.Test.TestCase">
    <skipped/>
  </testcase> <!-- SignUp -->
</testsuite> <!-- com.frame.Test.TestCase -->
